<?xml version="1.0" encoding="UTF-8"?>
<!-- Generated by org.testng.reporters.JUnitXMLReporter -->
<testsuite hostname="Harsha" name="Test1" tests="1" failures="1" timestamp="22 May 2016 16:41:35 GMT" time="31.027" errors="0">
  <testcase name="messageAppTest" time="21.19" classname="com.apps.AppiumTest.MultiTouchSwipe">
    <failure type="org.openqa.selenium.WebDriverException" message="An unknown server-side error occurred while processing the command. (WARNING: The server did not provide any stacktrace information)
Command duration or timeout: 21.16 seconds
Build info: version: &amp;apos;2.53.0&amp;apos;, revision: &amp;apos;35ae25b&amp;apos;, time: &amp;apos;2016-03-15 16:57:40&amp;apos;
System info: host: &amp;apos;Harsha&amp;apos;, ip: &amp;apos;192.168.113.2&amp;apos;, os.name: &amp;apos;Windows 10&amp;apos;, os.arch: &amp;apos;amd64&amp;apos;, os.version: &amp;apos;10.0&amp;apos;, java.version: &amp;apos;1.8.0_65&amp;apos;
Driver info: io.appium.java_client.android.AndroidDriver
Capabilities [{appPackage=com.the511plus.MultiTouchTester, networkConnectionEnabled=true, warnings={}, databaseEnabled=false, deviceName=YT910LQ91K, platform=LINUX, appActivity=com.the511plus.MultiTouchTester.MultiTouchTester, desired={appActivity=com.the511plus.MultiTouchTester.MultiTouchTester, appPackage=com.the511plus.MultiTouchTester, newCommandTimeout=10, platformVersion=5.1.1, browserName=Sony_Xperia_SP, platformName=Android, udid=YT910LQ91K, deviceName=YT910LQ91K}, newCommandTimeout=10, platformVersion=5.1.1, webStorageEnabled=false, locationContextEnabled=false, browserName=Sony_Xperia_SP, takesScreenshot=true, javascriptEnabled=true, platformName=Android, udid=YT910LQ91K}]
Session ID: 1760d8c5-8b85-4579-8ff1-ab3f7c145af4">
      <![CDATA[org.openqa.selenium.WebDriverException: An unknown server-side error occurred while processing the command. (WARNING: The server did not provide any stacktrace information)
Command duration or timeout: 21.16 seconds
Build info: version: '2.53.0', revision: '35ae25b', time: '2016-03-15 16:57:40'
System info: host: 'Harsha', ip: '192.168.113.2', os.name: 'Windows 10', os.arch: 'amd64', os.version: '10.0', java.version: '1.8.0_65'
Driver info: io.appium.java_client.android.AndroidDriver
Capabilities [{appPackage=com.the511plus.MultiTouchTester, networkConnectionEnabled=true, warnings={}, databaseEnabled=false, deviceName=YT910LQ91K, platform=LINUX, appActivity=com.the511plus.MultiTouchTester.MultiTouchTester, desired={appActivity=com.the511plus.MultiTouchTester.MultiTouchTester, appPackage=com.the511plus.MultiTouchTester, newCommandTimeout=10, platformVersion=5.1.1, browserName=Sony_Xperia_SP, platformName=Android, udid=YT910LQ91K, deviceName=YT910LQ91K}, newCommandTimeout=10, platformVersion=5.1.1, webStorageEnabled=false, locationContextEnabled=false, browserName=Sony_Xperia_SP, takesScreenshot=true, javascriptEnabled=true, platformName=Android, udid=YT910LQ91K}]
Session ID: 1760d8c5-8b85-4579-8ff1-ab3f7c145af4
	at sun.reflect.NativeConstructorAccessorImpl.newInstance0(Native Method)
	at sun.reflect.NativeConstructorAccessorImpl.newInstance(NativeConstructorAccessorImpl.java:62)
	at sun.reflect.DelegatingConstructorAccessorImpl.newInstance(DelegatingConstructorAccessorImpl.java:45)
	at java.lang.reflect.Constructor.newInstance(Constructor.java:422)
	at org.openqa.selenium.remote.ErrorHandler.createThrowable(ErrorHandler.java:206)
	at org.openqa.selenium.remote.ErrorHandler.throwIfResponseFailed(ErrorHandler.java:158)
	at org.openqa.selenium.remote.RemoteWebDriver.execute(RemoteWebDriver.java:678)
	at io.appium.java_client.DefaultGenericMobileDriver.execute(DefaultGenericMobileDriver.java:42)
	at io.appium.java_client.AppiumDriver.execute(AppiumDriver.java:1)
	at io.appium.java_client.android.AndroidDriver.execute(AndroidDriver.java:1)
	at io.appium.java_client.AppiumDriver.performMultiTouchAction(AppiumDriver.java:337)
	at io.appium.java_client.MultiTouchAction.perform(MultiTouchAction.java:71)
	at com.apps.AppiumTest.MultiTouchSwipe.messageAppTest(MultiTouchSwipe.java:38)
	at sun.reflect.NativeMethodAccessorImpl.invoke0(Native Method)
	at sun.reflect.NativeMethodAccessorImpl.invoke(NativeMethodAccessorImpl.java:62)
	at sun.reflect.DelegatingMethodAccessorImpl.invoke(DelegatingMethodAccessorImpl.java:43)
	at java.lang.reflect.Method.invoke(Method.java:497)
	at org.testng.internal.MethodInvocationHelper.invokeMethod(MethodInvocationHelper.java:85)
	at org.testng.internal.Invoker.invokeMethod(Invoker.java:639)
	at org.testng.internal.Invoker.invokeTestMethod(Invoker.java:816)
	at org.testng.internal.Invoker.invokeTestMethods(Invoker.java:1124)
	at org.testng.internal.TestMethodWorker.invokeTestMethods(TestMethodWorker.java:125)
	at org.testng.internal.TestMethodWorker.run(TestMethodWorker.java:108)
	at org.testng.TestRunner.privateRun(TestRunner.java:774)
	at org.testng.TestRunner.run(TestRunner.java:624)
	at org.testng.SuiteRunner.runTest(SuiteRunner.java:359)
	at org.testng.SuiteRunner.access$000(SuiteRunner.java:39)
	at org.testng.SuiteRunner$SuiteWorker.run(SuiteRunner.java:393)
	at org.testng.internal.thread.ThreadUtil$2.call(ThreadUtil.java:64)
	at java.util.concurrent.FutureTask.run(FutureTask.java:266)
	at java.util.concurrent.ThreadPoolExecutor.runWorker(ThreadPoolExecutor.java:1142)
	at java.util.concurrent.ThreadPoolExecutor$Worker.run(ThreadPoolExecutor.java:617)
	at java.lang.Thread.run(Thread.java:745)
]]>
    </failure>
  </testcase> <!-- messageAppTest -->
</testsuite> <!-- Test1 -->
