<?xml version="1.0" encoding="UTF-8"?>
<testng-results skipped="0" failed="0" total="1" passed="1">
  <reporter-output>
  </reporter-output>
  <suite name="Default suite" duration-ms="28850" started-at="2016-04-17T07:20:35Z" finished-at="2016-04-17T07:21:03Z">
    <groups>
    </groups>
    <test name="Default test" duration-ms="28850" started-at="2016-04-17T07:20:35Z" finished-at="2016-04-17T07:21:03Z">
      <class name="com.apps.AppiumTest.AppiumSwipeTesting">
        <test-method status="PASS" signature="beforeTest()[pri:0, instance:com.apps.AppiumTest.AppiumSwipeTesting@3498ed]" name="beforeTest" is-config="true" duration-ms="12511" started-at="2016-04-17T12:50:35Z" finished-at="2016-04-17T12:50:47Z">
          <reporter-output>
          </reporter-output>
        </test-method> <!-- beforeTest -->
        <test-method status="PASS" signature="swipeTest()[pri:0, instance:com.apps.AppiumTest.AppiumSwipeTesting@3498ed]" name="swipeTest" duration-ms="16309" started-at="2016-04-17T12:50:47Z" finished-at="2016-04-17T12:51:03Z">
          <reporter-output>
          </reporter-output>
        </test-method> <!-- swipeTest -->
        <test-method status="PASS" signature="afterTest()[pri:0, instance:com.apps.AppiumTest.AppiumSwipeTesting@3498ed]" name="afterTest" is-config="true" duration-ms="1" started-at="2016-04-17T12:51:03Z" finished-at="2016-04-17T12:51:03Z">
          <reporter-output>
          </reporter-output>
        </test-method> <!-- afterTest -->
      </class> <!-- com.apps.AppiumTest.AppiumSwipeTesting -->
    </test> <!-- Default test -->
  </suite> <!-- Default suite -->
</testng-results>
