<?xml version="1.0" encoding="UTF-8"?>
<testng-results skipped="0" failed="0" total="1" passed="1">
  <reporter-output>
  </reporter-output>
  <suite name="TestsSuite" duration-ms="101222" started-at="2016-07-02T14:11:19Z" finished-at="2016-07-02T14:13:00Z">
    <groups>
    </groups>
    <test name="Test2" duration-ms="101222" started-at="2016-07-02T14:11:19Z" finished-at="2016-07-02T14:13:00Z">
      <class name="com.apps.AppiumTest.MultiTouchSwipe">
        <test-method status="PASS" signature="beforeTest(java.lang.String, java.lang.String, java.lang.String)[pri:0, instance:com.apps.AppiumTest.MultiTouchSwipe@4b1a43d8]" name="beforeTest" is-config="true" duration-ms="45101" started-at="2016-07-02T19:41:19Z" finished-at="2016-07-02T19:42:04Z">
          <params>
            <param index="0">
              <value>
                <![CDATA[192.168.0.100:5555]]>
              </value>
            </param>
            <param index="1">
              <value>
                <![CDATA[6.0.1]]>
              </value>
            </param>
            <param index="2">
              <value>
                <![CDATA[Emulator_5.1.0]]>
              </value>
            </param>
          </params>
          <reporter-output>
          </reporter-output>
        </test-method> <!-- beforeTest -->
        <test-method status="PASS" signature="messageAppTest()[pri:0, instance:com.apps.AppiumTest.MultiTouchSwipe@4b1a43d8]" name="messageAppTest" duration-ms="54984" started-at="2016-07-02T19:42:04Z" finished-at="2016-07-02T19:42:59Z">
          <reporter-output>
          </reporter-output>
        </test-method> <!-- messageAppTest -->
        <test-method status="PASS" signature="afterTest()[pri:0, instance:com.apps.AppiumTest.MultiTouchSwipe@4b1a43d8]" name="afterTest" is-config="true" duration-ms="1011" started-at="2016-07-02T19:42:59Z" finished-at="2016-07-02T19:43:00Z">
          <reporter-output>
          </reporter-output>
        </test-method> <!-- afterTest -->
      </class> <!-- com.apps.AppiumTest.MultiTouchSwipe -->
    </test> <!-- Test2 -->
  </suite> <!-- TestsSuite -->
</testng-results>
